mode: atomic
lyrics-overlay/internal/auth/oauth.go:21.36,24.22 2 0
lyrics-overlay/internal/auth/oauth.go:25.17,26.69 1 0
lyrics-overlay/internal/auth/oauth.go:27.16,28.34 1 0
lyrics-overlay/internal/auth/oauth.go:29.15,30.38 1 0
lyrics-overlay/internal/auth/oauth.go:31.10,32.44 1 0
lyrics-overlay/internal/auth/oauth.go:35.2,35.20 1 0
lyrics-overlay/internal/auth/oauth.go:48.55,51.64 2 0
lyrics-overlay/internal/auth/oauth.go:51.64,53.3 1 0
lyrics-overlay/internal/auth/oauth.go:56.2,57.16 2 0
lyrics-overlay/internal/auth/oauth.go:57.16,59.3 1 0
lyrics-overlay/internal/auth/oauth.go:61.2,78.32 3 0
lyrics-overlay/internal/auth/oauth.go:78.32,80.3 1 0
lyrics-overlay/internal/auth/oauth.go:82.2,82.21 1 0
lyrics-overlay/internal/auth/oauth.go:86.44,89.16 3 0
lyrics-overlay/internal/auth/oauth.go:89.16,91.3 1 0
lyrics-overlay/internal/auth/oauth.go:92.2,92.50 1 0
lyrics-overlay/internal/auth/oauth.go:96.50,113.51 7 0
lyrics-overlay/internal/auth/oauth.go:113.51,115.30 1 0
lyrics-overlay/internal/auth/oauth.go:115.30,118.4 1 0
lyrics-overlay/internal/auth/oauth.go:123.42,125.2 1 0
lyrics-overlay/internal/auth/oauth.go:128.47,129.21 1 0
lyrics-overlay/internal/auth/oauth.go:129.21,131.3 1 0
lyrics-overlay/internal/auth/oauth.go:134.2,135.49 2 0
lyrics-overlay/internal/auth/oauth.go:135.49,136.42 1 0
lyrics-overlay/internal/auth/oauth.go:136.42,139.4 2 0
lyrics-overlay/internal/auth/oauth.go:142.2,142.17 1 0
lyrics-overlay/internal/auth/oauth.go:146.42,153.56 3 0
lyrics-overlay/internal/auth/oauth.go:153.56,155.3 1 0
lyrics-overlay/internal/auth/oauth.go:158.2,161.45 2 0
lyrics-overlay/internal/auth/oauth.go:161.45,163.3 1 0
lyrics-overlay/internal/auth/oauth.go:165.2,165.12 1 0
lyrics-overlay/internal/auth/oauth.go:169.55,178.12 4 0
lyrics-overlay/internal/auth/oauth.go:178.12,179.82 1 0
lyrics-overlay/internal/auth/oauth.go:179.82,181.4 1 0
lyrics-overlay/internal/auth/oauth.go:184.2,184.12 1 0
lyrics-overlay/internal/auth/oauth.go:188.74,192.50 2 0
lyrics-overlay/internal/auth/oauth.go:192.50,195.3 2 0
lyrics-overlay/internal/auth/oauth.go:198.2,199.22 2 0
lyrics-overlay/internal/auth/oauth.go:199.22,202.3 2 0
lyrics-overlay/internal/auth/oauth.go:205.2,207.16 3 0
lyrics-overlay/internal/auth/oauth.go:207.16,210.3 2 0
lyrics-overlay/internal/auth/oauth.go:213.2,213.44 1 0
lyrics-overlay/internal/auth/oauth.go:213.44,216.3 2 0
lyrics-overlay/internal/auth/oauth.go:219.2,238.10 2 0
lyrics-overlay/internal/auth/oauth.go:242.40,243.21 1 0
lyrics-overlay/internal/auth/oauth.go:243.21,248.3 4 0
lyrics-overlay/internal/auth/oauth.go:252.57,262.2 3 0
lyrics-overlay/internal/auth/oauth.go:265.40,266.21 1 0
lyrics-overlay/internal/auth/oauth.go:266.21,268.3 1 0
lyrics-overlay/internal/auth/oauth.go:270.2,271.33 2 0
lyrics-overlay/internal/auth/oauth.go:271.33,273.3 1 0
lyrics-overlay/internal/auth/oauth.go:275.2,284.16 3 0
lyrics-overlay/internal/auth/oauth.go:284.16,286.3 1 0
lyrics-overlay/internal/auth/oauth.go:289.2,289.47 1 0
lyrics-overlay/internal/auth/oauth.go:289.47,291.3 1 0
lyrics-overlay/internal/auth/oauth.go:294.2,296.12 2 0
lyrics-overlay/internal/auth/oauth.go:300.33,305.2 4 0
lyrics-overlay/internal/auth/oauth.go:308.28,311.2 2 0
lyrics-overlay/internal/auth/oauth.go:314.39,316.2 1 0
lyrics-overlay/internal/spotify/service.go:31.98,42.2 1 0
lyrics-overlay/internal/spotify/service.go:45.27,46.17 1 0
lyrics-overlay/internal/spotify/service.go:46.17,48.3 1 0
lyrics-overlay/internal/spotify/service.go:49.2,50.17 2 0
lyrics-overlay/internal/spotify/service.go:54.26,55.18 1 0
lyrics-overlay/internal/spotify/service.go:55.18,57.3 1 0
lyrics-overlay/internal/spotify/service.go:58.2,59.19 2 0
lyrics-overlay/internal/spotify/service.go:63.30,67.6 3 0
lyrics-overlay/internal/spotify/service.go:67.6,68.10 1 0
lyrics-overlay/internal/spotify/service.go:69.21,70.10 1 0
lyrics-overlay/internal/spotify/service.go:71.19,75.35 2 0
lyrics-overlay/internal/spotify/service.go:81.42,83.19 2 0
lyrics-overlay/internal/spotify/service.go:83.19,87.3 3 0
lyrics-overlay/internal/spotify/service.go:89.2,92.16 4 0
lyrics-overlay/internal/spotify/service.go:92.16,95.3 2 0
lyrics-overlay/internal/spotify/service.go:97.2,97.51 1 0
lyrics-overlay/internal/spotify/service.go:97.51,100.3 2 0
lyrics-overlay/internal/spotify/service.go:103.2,106.31 2 0
lyrics-overlay/internal/spotify/service.go:106.31,111.22 3 0
lyrics-overlay/internal/spotify/service.go:111.22,113.4 1 0
lyrics-overlay/internal/spotify/service.go:117.2,120.21 2 0
lyrics-overlay/internal/spotify/service.go:120.21,122.3 1 0
lyrics-overlay/internal/spotify/service.go:122.8,124.3 1 0
lyrics-overlay/internal/spotify/service.go:127.2,127.25 1 0
lyrics-overlay/internal/spotify/service.go:131.63,133.28 2 0
lyrics-overlay/internal/spotify/service.go:133.28,135.3 1 0
lyrics-overlay/internal/spotify/service.go:136.2,137.33 2 0
lyrics-overlay/internal/spotify/service.go:137.33,141.3 2 0
lyrics-overlay/internal/spotify/service.go:142.2,142.36 1 0
lyrics-overlay/internal/spotify/service.go:146.94,150.39 3 0
lyrics-overlay/internal/spotify/service.go:150.39,152.3 1 0
lyrics-overlay/internal/spotify/service.go:154.2,163.3 1 0
lyrics-overlay/internal/spotify/service.go:167.42,171.93 2 0
lyrics-overlay/internal/spotify/service.go:171.93,174.3 2 0
lyrics-overlay/internal/spotify/service.go:177.2,177.30 1 0
lyrics-overlay/internal/spotify/service.go:177.30,179.3 1 0
lyrics-overlay/internal/spotify/service.go:182.2,182.30 1 0
lyrics-overlay/internal/spotify/service.go:182.30,184.3 1 0
lyrics-overlay/internal/spotify/service.go:188.55,190.2 1 0
lyrics-overlay/internal/spotify/service.go:193.38,196.2 2 0
lyrics-overlay/internal/spotify/service.go:199.60,200.14 1 0
lyrics-overlay/internal/spotify/service.go:200.14,203.40 2 0
lyrics-overlay/internal/spotify/service.go:203.40,205.4 1 0
lyrics-overlay/internal/spotify/service.go:206.8,206.22 1 0
lyrics-overlay/internal/spotify/service.go:206.22,209.3 1 0
lyrics-overlay/internal/spotify/service.go:209.8,212.3 1 0
lyrics-overlay/internal/spotify/service.go:216.35,219.2 2 0
lyrics-overlay/internal/spotify/service.go:222.56,224.2 1 0
lyrics-overlay/internal/spotify/service.go:227.36,229.2 1 0
lyrics-overlay/internal/overlay/service.go:51.55,58.2 2 0
lyrics-overlay/internal/overlay/service.go:61.48,65.2 3 0
lyrics-overlay/internal/overlay/service.go:68.53,73.2 4 0
lyrics-overlay/internal/overlay/service.go:76.50,80.2 3 0
lyrics-overlay/internal/overlay/service.go:83.56,87.2 3 0
lyrics-overlay/internal/overlay/service.go:90.49,94.53 3 0
lyrics-overlay/internal/overlay/service.go:94.53,100.3 1 0
lyrics-overlay/internal/overlay/service.go:103.2,103.64 1 0
lyrics-overlay/internal/overlay/service.go:103.64,106.31 2 0
lyrics-overlay/internal/overlay/service.go:106.31,108.19 2 0
lyrics-overlay/internal/overlay/service.go:108.19,110.5 1 0
lyrics-overlay/internal/overlay/service.go:113.3,114.22 2 0
lyrics-overlay/internal/overlay/service.go:114.22,116.4 1 0
lyrics-overlay/internal/overlay/service.go:117.3,121.46 3 0
lyrics-overlay/internal/overlay/service.go:121.46,122.34 1 0
lyrics-overlay/internal/overlay/service.go:122.34,124.5 1 0
lyrics-overlay/internal/overlay/service.go:124.10,125.10 1 0
lyrics-overlay/internal/overlay/service.go:129.3,129.65 1 0
lyrics-overlay/internal/overlay/service.go:129.65,136.65 5 0
lyrics-overlay/internal/overlay/service.go:136.65,137.44 1 0
lyrics-overlay/internal/overlay/service.go:137.44,140.11 3 0
lyrics-overlay/internal/overlay/service.go:141.11,141.33 1 0
lyrics-overlay/internal/overlay/service.go:141.33,144.6 1 0
lyrics-overlay/internal/overlay/service.go:148.4,148.70 1 0
lyrics-overlay/internal/overlay/service.go:148.70,149.66 1 0
lyrics-overlay/internal/overlay/service.go:149.66,150.45 1 0
lyrics-overlay/internal/overlay/service.go:150.45,154.59 3 0
lyrics-overlay/internal/overlay/service.go:154.59,155.47 1 0
lyrics-overlay/internal/overlay/service.go:155.47,158.14 3 0
lyrics-overlay/internal/overlay/service.go:161.7,161.12 1 0
lyrics-overlay/internal/overlay/service.go:167.4,168.36 2 0
lyrics-overlay/internal/overlay/service.go:168.36,170.5 1 0
lyrics-overlay/internal/overlay/service.go:171.4,172.24 2 0
lyrics-overlay/internal/overlay/service.go:172.24,174.5 1 0
lyrics-overlay/internal/overlay/service.go:175.4,175.35 1 0
lyrics-overlay/internal/overlay/service.go:175.35,177.5 1 0
lyrics-overlay/internal/overlay/service.go:179.4,186.5 1 0
lyrics-overlay/internal/overlay/service.go:191.2,191.36 1 0
lyrics-overlay/internal/overlay/service.go:191.36,194.37 3 0
lyrics-overlay/internal/overlay/service.go:194.37,196.4 1 0
lyrics-overlay/internal/overlay/service.go:198.3,202.4 1 0
lyrics-overlay/internal/overlay/service.go:205.2,209.3 1 0
lyrics-overlay/internal/overlay/service.go:223.43,235.2 7 0
lyrics-overlay/internal/overlay/service.go:238.36,242.2 3 0
lyrics-overlay/internal/overlay/service.go:245.47,255.2 6 0
lyrics-overlay/internal/overlay/service.go:258.59,260.2 1 0
lyrics-overlay/internal/overlay/service.go:263.81,265.2 1 0
lyrics-overlay/internal/overlay/service.go:268.30,271.2 1 0
lyrics-overlay/internal/cache/cache.go:31.32,32.18 1 8
lyrics-overlay/internal/cache/cache.go:32.18,34.3 1 0
lyrics-overlay/internal/cache/cache.go:36.2,43.3 1 8
lyrics-overlay/internal/cache/cache.go:47.68,52.13 4 7
lyrics-overlay/internal/cache/cache.go:52.13,54.3 1 2
lyrics-overlay/internal/cache/cache.go:57.2,57.48 1 5
lyrics-overlay/internal/cache/cache.go:57.48,61.3 2 0
lyrics-overlay/internal/cache/cache.go:64.2,64.52 1 5
lyrics-overlay/internal/cache/cache.go:64.52,66.3 1 5
lyrics-overlay/internal/cache/cache.go:68.2,68.21 1 5
lyrics-overlay/internal/cache/cache.go:72.65,77.13 4 2
lyrics-overlay/internal/cache/cache.go:77.13,79.3 1 1
lyrics-overlay/internal/cache/cache.go:82.2,82.48 1 1
lyrics-overlay/internal/cache/cache.go:82.48,86.3 2 0
lyrics-overlay/internal/cache/cache.go:89.2,89.51 1 1
lyrics-overlay/internal/cache/cache.go:89.51,91.3 1 1
lyrics-overlay/internal/cache/cache.go:93.2,93.21 1 1
lyrics-overlay/internal/cache/cache.go:97.76,102.60 3 12
lyrics-overlay/internal/cache/cache.go:102.60,108.53 3 1
lyrics-overlay/internal/cache/cache.go:108.53,110.4 1 1
lyrics-overlay/internal/cache/cache.go:111.3,111.9 1 1
lyrics-overlay/internal/cache/cache.go:115.2,129.20 5 11
lyrics-overlay/internal/cache/cache.go:133.73,138.59 3 3
lyrics-overlay/internal/cache/cache.go:138.59,144.52 3 0
lyrics-overlay/internal/cache/cache.go:144.52,146.4 1 0
lyrics-overlay/internal/cache/cache.go:147.3,147.9 1 0
lyrics-overlay/internal/cache/cache.go:151.2,165.20 5 3
lyrics-overlay/internal/cache/cache.go:169.36,170.34 1 14
lyrics-overlay/internal/cache/cache.go:170.34,173.18 2 1
lyrics-overlay/internal/cache/cache.go:173.18,176.4 2 1
lyrics-overlay/internal/cache/cache.go:181.56,183.25 1 1
lyrics-overlay/internal/cache/cache.go:183.25,185.59 2 1
lyrics-overlay/internal/cache/cache.go:185.59,188.4 2 1
lyrics-overlay/internal/cache/cache.go:192.2,192.26 1 1
lyrics-overlay/internal/cache/cache.go:192.26,194.58 2 0
lyrics-overlay/internal/cache/cache.go:194.58,197.4 2 0
lyrics-overlay/internal/cache/cache.go:202.27,211.2 7 1
lyrics-overlay/internal/cache/cache.go:214.30,218.2 3 4
lyrics-overlay/internal/cache/cache.go:221.38,231.2 3 1
lyrics-overlay/internal/config/config.go:55.30,57.16 2 0
lyrics-overlay/internal/config/config.go:57.16,59.3 1 0
lyrics-overlay/internal/config/config.go:61.2,62.53 2 0
lyrics-overlay/internal/config/config.go:62.53,64.3 1 0
lyrics-overlay/internal/config/config.go:66.2,74.47 3 0
lyrics-overlay/internal/config/config.go:74.47,75.40 1 0
lyrics-overlay/internal/config/config.go:75.40,77.4 1 0
lyrics-overlay/internal/config/config.go:78.8,79.40 1 0
lyrics-overlay/internal/config/config.go:79.40,81.4 1 0
lyrics-overlay/internal/config/config.go:84.2,84.21 1 0
lyrics-overlay/internal/config/config.go:88.33,106.2 1 6
lyrics-overlay/internal/config/config.go:109.33,111.2 1 5
lyrics-overlay/internal/config/config.go:114.39,116.2 1 1
lyrics-overlay/internal/config/config.go:119.32,121.16 2 3
lyrics-overlay/internal/config/config.go:121.16,123.3 1 0
lyrics-overlay/internal/config/config.go:125.2,125.39 1 3
lyrics-overlay/internal/config/config.go:129.32,131.16 2 5
lyrics-overlay/internal/config/config.go:131.16,133.3 1 0
lyrics-overlay/internal/config/config.go:135.2,135.45 1 5
lyrics-overlay/internal/config/config.go:139.33,141.2 1 0
lyrics-overlay/internal/config/config.go:144.62,147.2 2 1
lyrics-overlay/internal/config/config.go:150.53,153.2 2 1
lyrics-overlay/internal/lyrics/provider.go:33.44,51.2 6 0
lyrics-overlay/internal/lyrics/provider.go:54.56,56.2 1 0
lyrics-overlay/internal/lyrics/provider.go:59.89,61.60 1 0
lyrics-overlay/internal/lyrics/provider.go:61.60,63.91 1 0
lyrics-overlay/internal/lyrics/provider.go:63.91,65.4 1 0
lyrics-overlay/internal/lyrics/provider.go:65.9,67.4 1 0
lyrics-overlay/internal/lyrics/provider.go:71.2,72.62 2 0
lyrics-overlay/internal/lyrics/provider.go:72.62,74.91 1 0
lyrics-overlay/internal/lyrics/provider.go:74.91,76.4 1 0
lyrics-overlay/internal/lyrics/provider.go:76.9,79.4 2 0
lyrics-overlay/internal/lyrics/provider.go:83.2,83.39 1 0
lyrics-overlay/internal/lyrics/provider.go:83.39,86.17 3 0
lyrics-overlay/internal/lyrics/provider.go:86.17,88.12 2 0
lyrics-overlay/internal/lyrics/provider.go:91.3,91.45 1 0
lyrics-overlay/internal/lyrics/provider.go:91.45,94.95 2 0
lyrics-overlay/internal/lyrics/provider.go:94.95,97.5 2 0
lyrics-overlay/internal/lyrics/provider.go:97.10,99.5 1 0
lyrics-overlay/internal/lyrics/provider.go:100.4,100.22 1 0
lyrics-overlay/internal/lyrics/provider.go:104.2,104.70 1 0
lyrics-overlay/internal/lyrics/provider.go:108.53,112.2 3 0
lyrics-overlay/internal/lyrics/provider.go:115.42,135.35 3 12
lyrics-overlay/internal/lyrics/provider.go:135.35,138.3 2 144
lyrics-overlay/internal/lyrics/provider.go:141.2,148.32 5 12
lyrics-overlay/internal/lyrics/provider.go:152.58,158.37 3 0
lyrics-overlay/internal/lyrics/provider.go:158.37,160.14 2 0
lyrics-overlay/internal/lyrics/provider.go:160.14,162.4 1 0
lyrics-overlay/internal/lyrics/provider.go:163.3,163.49 1 0
lyrics-overlay/internal/lyrics/provider.go:163.49,165.4 1 0
lyrics-overlay/internal/lyrics/provider.go:166.3,166.47 1 0
lyrics-overlay/internal/lyrics/provider.go:166.47,168.4 1 0
lyrics-overlay/internal/lyrics/provider.go:169.3,169.35 1 0
lyrics-overlay/internal/lyrics/provider.go:169.35,171.4 1 0
lyrics-overlay/internal/lyrics/provider.go:173.3,174.24 2 0
lyrics-overlay/internal/lyrics/provider.go:174.24,176.4 1 0
lyrics-overlay/internal/lyrics/provider.go:179.3,179.42 1 0
lyrics-overlay/internal/lyrics/provider.go:179.42,181.4 1 0
lyrics-overlay/internal/lyrics/provider.go:182.3,182.80 1 0
lyrics-overlay/internal/lyrics/provider.go:182.80,184.4 1 0
lyrics-overlay/internal/lyrics/provider.go:187.3,198.42 5 0
lyrics-overlay/internal/lyrics/provider.go:198.42,200.31 2 0
lyrics-overlay/internal/lyrics/provider.go:200.31,201.37 1 0
lyrics-overlay/internal/lyrics/provider.go:201.37,203.11 2 0
lyrics-overlay/internal/lyrics/provider.go:206.4,206.15 1 0
lyrics-overlay/internal/lyrics/provider.go:206.15,208.5 1 0
lyrics-overlay/internal/lyrics/provider.go:211.3,211.15 1 0
lyrics-overlay/internal/lyrics/provider.go:214.2,215.29 2 0
lyrics-overlay/internal/lyrics/provider.go:215.29,217.21 2 0
lyrics-overlay/internal/lyrics/provider.go:217.21,218.12 1 0
lyrics-overlay/internal/lyrics/provider.go:220.3,220.14 1 0
lyrics-overlay/internal/lyrics/provider.go:220.14,221.20 1 0
lyrics-overlay/internal/lyrics/provider.go:221.20,222.13 1 0
lyrics-overlay/internal/lyrics/provider.go:224.4,226.12 3 0
lyrics-overlay/internal/lyrics/provider.go:228.3,229.23 2 0
lyrics-overlay/internal/lyrics/provider.go:233.2,233.44 1 0
lyrics-overlay/internal/lyrics/provider.go:233.44,235.3 1 0
lyrics-overlay/internal/lyrics/provider.go:236.2,236.55 1 0
lyrics-overlay/internal/lyrics/provider.go:236.55,238.3 1 0
lyrics-overlay/internal/lyrics/provider.go:240.2,240.14 1 0
lyrics-overlay/internal/lyrics/provider.go:250.61,255.2 1 1
lyrics-overlay/internal/lyrics/provider.go:258.43,260.2 1 1
lyrics-overlay/internal/lyrics/provider.go:274.90,276.52 1 0
lyrics-overlay/internal/lyrics/provider.go:276.52,277.54 1 0
lyrics-overlay/internal/lyrics/provider.go:277.54,279.4 1 0
lyrics-overlay/internal/lyrics/provider.go:283.2,284.16 2 0
lyrics-overlay/internal/lyrics/provider.go:284.16,286.3 1 0
lyrics-overlay/internal/lyrics/provider.go:289.2,289.23 1 0
lyrics-overlay/internal/lyrics/provider.go:289.23,291.14 2 0
lyrics-overlay/internal/lyrics/provider.go:291.14,293.18 2 0
lyrics-overlay/internal/lyrics/provider.go:293.18,295.5 1 0
lyrics-overlay/internal/lyrics/provider.go:297.3,297.24 1 0
lyrics-overlay/internal/lyrics/provider.go:297.24,299.4 1 0
lyrics-overlay/internal/lyrics/provider.go:303.2,304.17 2 0
lyrics-overlay/internal/lyrics/provider.go:304.17,306.3 1 0
lyrics-overlay/internal/lyrics/provider.go:309.2,310.31 2 0
lyrics-overlay/internal/lyrics/provider.go:310.31,311.53 1 0
lyrics-overlay/internal/lyrics/provider.go:311.53,313.4 1 0
lyrics-overlay/internal/lyrics/provider.go:317.2,318.17 2 0
lyrics-overlay/internal/lyrics/provider.go:318.17,320.3 1 0
lyrics-overlay/internal/lyrics/provider.go:321.2,321.18 1 0
lyrics-overlay/internal/lyrics/provider.go:324.68,329.16 3 0
lyrics-overlay/internal/lyrics/provider.go:329.16,331.3 1 0
lyrics-overlay/internal/lyrics/provider.go:332.2,334.16 3 0
lyrics-overlay/internal/lyrics/provider.go:334.16,336.3 1 0
lyrics-overlay/internal/lyrics/provider.go:337.2,338.38 2 0
lyrics-overlay/internal/lyrics/provider.go:338.38,340.3 1 0
lyrics-overlay/internal/lyrics/provider.go:341.2,342.16 2 0
lyrics-overlay/internal/lyrics/provider.go:342.16,344.3 1 0
lyrics-overlay/internal/lyrics/provider.go:345.2,346.53 2 0
lyrics-overlay/internal/lyrics/provider.go:346.53,348.3 1 0
lyrics-overlay/internal/lyrics/provider.go:349.2,349.57 1 0
lyrics-overlay/internal/lyrics/provider.go:349.57,351.3 1 0
lyrics-overlay/internal/lyrics/provider.go:352.2,352.15 1 0
lyrics-overlay/internal/lyrics/provider.go:355.78,359.16 3 0
lyrics-overlay/internal/lyrics/provider.go:359.16,361.3 1 0
lyrics-overlay/internal/lyrics/provider.go:362.2,364.16 3 0
lyrics-overlay/internal/lyrics/provider.go:364.16,366.3 1 0
lyrics-overlay/internal/lyrics/provider.go:367.2,368.38 2 0
lyrics-overlay/internal/lyrics/provider.go:368.38,370.3 1 0
lyrics-overlay/internal/lyrics/provider.go:371.2,372.16 2 0
lyrics-overlay/internal/lyrics/provider.go:372.16,374.3 1 0
lyrics-overlay/internal/lyrics/provider.go:375.2,376.55 2 0
lyrics-overlay/internal/lyrics/provider.go:376.55,378.3 1 0
lyrics-overlay/internal/lyrics/provider.go:379.2,379.21 1 0
lyrics-overlay/internal/lyrics/provider.go:382.77,385.16 3 0
lyrics-overlay/internal/lyrics/provider.go:385.16,387.3 1 0
lyrics-overlay/internal/lyrics/provider.go:388.2,391.16 4 0
lyrics-overlay/internal/lyrics/provider.go:391.16,393.3 1 0
lyrics-overlay/internal/lyrics/provider.go:394.2,395.38 2 0
lyrics-overlay/internal/lyrics/provider.go:395.38,397.3 1 0
lyrics-overlay/internal/lyrics/provider.go:398.2,399.16 2 0
lyrics-overlay/internal/lyrics/provider.go:399.16,401.3 1 0
lyrics-overlay/internal/lyrics/provider.go:402.2,403.55 2 0
lyrics-overlay/internal/lyrics/provider.go:403.55,405.3 1 0
lyrics-overlay/internal/lyrics/provider.go:406.2,406.21 1 0
lyrics-overlay/internal/lyrics/provider.go:409.84,415.28 5 0
lyrics-overlay/internal/lyrics/provider.go:415.28,419.18 4 0
lyrics-overlay/internal/lyrics/provider.go:419.18,421.4 1 0
lyrics-overlay/internal/lyrics/provider.go:422.3,422.17 1 0
lyrics-overlay/internal/lyrics/provider.go:422.17,424.4 1 0
lyrics-overlay/internal/lyrics/provider.go:425.3,425.27 1 0
lyrics-overlay/internal/lyrics/provider.go:425.27,427.4 1 0
lyrics-overlay/internal/lyrics/provider.go:428.3,428.26 1 0
lyrics-overlay/internal/lyrics/provider.go:428.26,430.4 1 0
lyrics-overlay/internal/lyrics/provider.go:431.3,431.24 1 0
lyrics-overlay/internal/lyrics/provider.go:431.24,434.4 2 0
lyrics-overlay/internal/lyrics/provider.go:436.2,436.18 1 0
lyrics-overlay/internal/lyrics/provider.go:436.18,438.3 1 0
lyrics-overlay/internal/lyrics/provider.go:439.2,439.12 1 0
lyrics-overlay/internal/lyrics/provider.go:442.84,443.18 1 0
lyrics-overlay/internal/lyrics/provider.go:443.18,445.3 1 0
lyrics-overlay/internal/lyrics/provider.go:446.2,446.30 1 0
lyrics-overlay/internal/lyrics/provider.go:446.30,448.21 2 0
lyrics-overlay/internal/lyrics/provider.go:448.21,455.4 1 0
lyrics-overlay/internal/lyrics/provider.go:457.2,457.29 1 0
lyrics-overlay/internal/lyrics/provider.go:457.29,459.21 2 0
lyrics-overlay/internal/lyrics/provider.go:459.21,466.4 1 0
lyrics-overlay/internal/lyrics/provider.go:468.2,468.12 1 0
lyrics-overlay/internal/lyrics/provider.go:472.55,476.47 3 4
lyrics-overlay/internal/lyrics/provider.go:476.47,478.16 2 12
lyrics-overlay/internal/lyrics/provider.go:478.16,479.12 1 0
lyrics-overlay/internal/lyrics/provider.go:482.3,482.177 1 12
lyrics-overlay/internal/lyrics/provider.go:482.177,483.12 1 3
lyrics-overlay/internal/lyrics/provider.go:485.3,486.24 2 9
lyrics-overlay/internal/lyrics/provider.go:486.24,487.12 1 0
lyrics-overlay/internal/lyrics/provider.go:490.3,492.17 3 9
lyrics-overlay/internal/lyrics/provider.go:492.17,493.12 1 0
lyrics-overlay/internal/lyrics/provider.go:495.3,495.29 1 9
lyrics-overlay/internal/lyrics/provider.go:495.29,498.23 3 10
lyrics-overlay/internal/lyrics/provider.go:498.23,502.42 4 10
lyrics-overlay/internal/lyrics/provider.go:502.42,504.21 2 10
lyrics-overlay/internal/lyrics/provider.go:504.21,506.7 1 10
lyrics-overlay/internal/lyrics/provider.go:507.6,507.21 1 10
lyrics-overlay/internal/lyrics/provider.go:507.21,509.7 1 0
lyrics-overlay/internal/lyrics/provider.go:510.6,510.22 1 10
lyrics-overlay/internal/lyrics/provider.go:512.5,513.80 2 10
lyrics-overlay/internal/lyrics/provider.go:518.2,518.40 1 4
lyrics-overlay/internal/lyrics/provider.go:518.40,518.90 1 7
lyrics-overlay/internal/lyrics/provider.go:519.2,519.14 1 4
lyrics-overlay/internal/lyrics/provider.go:522.29,524.30 2 30
lyrics-overlay/internal/lyrics/provider.go:524.30,526.25 2 70
lyrics-overlay/internal/lyrics/provider.go:526.25,527.12 1 0
lyrics-overlay/internal/lyrics/provider.go:529.3,529.28 1 70
lyrics-overlay/internal/lyrics/provider.go:531.2,531.12 1 30
lyrics-overlay/internal/lyrics/provider.go:535.64,539.16 3 0
lyrics-overlay/internal/lyrics/provider.go:539.16,541.3 1 0
lyrics-overlay/internal/lyrics/provider.go:542.2,545.67 4 0
lyrics-overlay/internal/lyrics/provider.go:545.67,548.17 3 0
lyrics-overlay/internal/lyrics/provider.go:548.17,550.4 1 0
lyrics-overlay/internal/lyrics/provider.go:551.3,552.54 2 0
lyrics-overlay/internal/lyrics/provider.go:552.54,554.4 1 0
lyrics-overlay/internal/lyrics/provider.go:557.2,559.16 3 0
lyrics-overlay/internal/lyrics/provider.go:559.16,561.3 1 0
lyrics-overlay/internal/lyrics/provider.go:562.2,565.16 4 0
lyrics-overlay/internal/lyrics/provider.go:565.16,567.3 1 0
lyrics-overlay/internal/lyrics/provider.go:568.2,569.38 2 0
lyrics-overlay/internal/lyrics/provider.go:569.38,571.3 1 0
lyrics-overlay/internal/lyrics/provider.go:572.2,573.16 2 0
lyrics-overlay/internal/lyrics/provider.go:573.16,575.3 1 0
lyrics-overlay/internal/lyrics/provider.go:576.2,577.53 2 0
lyrics-overlay/internal/lyrics/provider.go:577.53,579.3 1 0
lyrics-overlay/internal/lyrics/provider.go:580.2,580.20 1 0
lyrics-overlay/internal/lyrics/provider.go:587.38,589.2 1 1
lyrics-overlay/internal/lyrics/provider.go:592.41,594.2 1 1
lyrics-overlay/internal/lyrics/provider.go:597.88,612.2 2 0
lyrics-overlay/internal/lyrics/provider.go:616.57,618.2 1 4
lyrics-overlay/internal/lyrics/provider.go:622.42,624.2 1 12
